<?xml version="1.0" encoding="UTF-8"?>
<testsuite xmlns:xsi="http://www.w3.org/2001/XMLSchema-instance" xsi:noNamespaceSchemaLocation="https://maven.apache.org/surefire/maven-surefire-plugin/xsd/surefire-test-report.xsd" version="3.0.2" name="com.lojahardware.LojaHardwareApplicationTests" time="4.265" tests="1" errors="0" skipped="0" failures="0">
  <properties>
[...]
</properties>
  <testcase name="contextLoads" classname="com.lojahardware.LojaHardwareApplicationTests" time="0.993">
    <system-out><![CDATA[19:45:22.307 [main] INFO org.springframework.test.context.support.AnnotationConfigContextLoaderUtils -- Could not detect default configuration classes for test class [com.lojahardware.LojaHardwareApplicationTests]: LojaHardwareApplicationTests does not declare any static, non-private, non-final, nested classes annotated with @Configuration.
19:45:22.471 [main] INFO org.springframework.boot.test.context.SpringBootTestContextBootstrapper -- Found @SpringBootConfiguration com.lojahardware.LojaHardwareApplication for test class com.lojahardware.LojaHardwareApplicationTests

  .   ____          _            __ _ _
 /\\ / ___'_ __ _ _(_)_ __  __ _ \ \ \ \
( ( )\___ | '_ | '_| | '_ \/ _` | \ \ \ \
 \\/  ___)| |_)| | | | | || (_| |  ) ) ) )
  '  |____| .__|_| |_|_| |_\__, | / / / /
 =========|_|==============|___/=/_/_/_/

 :: Spring Boot ::                (v3.4.4)

2025-04-15T19:45:22.957-03:00  INFO 9572 --- [Loja-Hardware] [           main] c.l.LojaHardwareApplicationTests         : Starting LojaHardwareApplicationTests using Java 17.0.12 with PID 9572 (started by leona in C:\Users\leona\OneDrive\Área de Trabalho\Loja Hardware\Loja-Hardware)
2025-04-15T19:45:22.959-03:00  INFO 9572 --- [Loja-Hardware] [           main] c.l.LojaHardwareApplicationTests         : No active profile set, falling back to 1 default profile: "default"
2025-04-15T19:45:23.827-03:00  INFO 9572 --- [Loja-Hardware] [           main] .s.d.r.c.RepositoryConfigurationDelegate : Bootstrapping Spring Data MongoDB repositories in DEFAULT mode.
2025-04-15T19:45:23.905-03:00  INFO 9572 --- [Loja-Hardware] [           main] .s.d.r.c.RepositoryConfigurationDelegate : Finished Spring Data repository scanning in 71 ms. Found 1 MongoDB repository interface.
2025-04-15T19:45:24.550-03:00  INFO 9572 --- [Loja-Hardware] [           main] org.mongodb.driver.client                : MongoClient with metadata {"application": {"name": "Cluster0"}, "driver": {"name": "mongo-java-driver|sync|spring-boot", "version": "5.2.1"}, "os": {"type": "Windows", "name": "Windows 11", "architecture": "amd64", "version": "10.0"}, "platform": "Java/Oracle Corporation/17.0.12+8-LTS-286"} created with settings MongoClientSettings{readPreference=primary, writeConcern=WriteConcern{w=majority, wTimeout=null ms, journal=null}, retryWrites=true, retryReads=true, readConcern=ReadConcern{level=null}, credential=MongoCredential{mechanism=null, userName='leonardopaiva', source='admin', password=<hidden>, mechanismProperties=<hidden>}, transportSettings=null, commandListeners=[], codecRegistry=ProvidersCodecRegistry{codecProviders=[ValueCodecProvider{}, BsonValueCodecProvider{}, DBRefCodecProvider{}, DBObjectCodecProvider{}, DocumentCodecProvider{}, CollectionCodecProvider{}, IterableCodecProvider{}, MapCodecProvider{}, GeoJsonCodecProvider{}, GridFSFileCodecProvider{}, Jsr310CodecProvider{}, JsonObjectCodecProvider{}, BsonCodecProvider{}, EnumCodecProvider{}, com.mongodb.client.model.mql.ExpressionCodecProvider@3c9c6245, com.mongodb.Jep395RecordCodecProvider@6d0be7ab, com.mongodb.KotlinCodecProvider@1d4fb213]}, loggerSettings=LoggerSettings{maxDocumentLength=1000}, clusterSettings={hosts=[127.0.0.1:27017], srvHost=cluster0.dh8wp5l.mongodb.net, srvServiceName=mongodb, mode=MULTIPLE, requiredClusterType=REPLICA_SET, requiredReplicaSetName='atlas-d48u69-shard-0', serverSelector='null', clusterListeners='[]', serverSelectionTimeout='30000 ms', localThreshold='15 ms'}, socketSettings=SocketSettings{connectTimeoutMS=10000, readTimeoutMS=0, receiveBufferSize=0, proxySettings=ProxySettings{host=null, port=null, username=null, password=null}}, heartbeatSocketSettings=SocketSettings{connectTimeoutMS=10000, readTimeoutMS=10000, receiveBufferSize=0, proxySettings=ProxySettings{host=null, port=null, username=null, password=null}}, connectionPoolSettings=ConnectionPoolSettings{maxSize=100, minSize=0, maxWaitTimeMS=120000, maxConnectionLifeTimeMS=0, maxConnectionIdleTimeMS=0, maintenanceInitialDelayMS=0, maintenanceFrequencyMS=60000, connectionPoolListeners=[], maxConnecting=2}, serverSettings=ServerSettings{heartbeatFrequencyMS=10000, minHeartbeatFrequencyMS=500, serverMonitoringMode=AUTO, serverListeners='[]', serverMonitorListeners='[]'}, sslSettings=SslSettings{enabled=true, invalidHostNameAllowed=false, context=null}, applicationName='Cluster0', compressorList=[], uuidRepresentation=JAVA_LEGACY, serverApi=null, autoEncryptionSettings=null, dnsClient=null, inetAddressResolver=null, contextProvider=null, timeoutMS=null}
2025-04-15T19:45:24.596-03:00  INFO 9572 --- [Loja-Hardware] [p5l.mongodb.net] org.mongodb.driver.cluster               : Adding discovered server ac-jnxlgc4-shard-00-00.dh8wp5l.mongodb.net:27017 to client view of cluster
2025-04-15T19:45:24.618-03:00  INFO 9572 --- [Loja-Hardware] [p5l.mongodb.net] org.mongodb.driver.cluster               : Adding discovered server ac-jnxlgc4-shard-00-01.dh8wp5l.mongodb.net:27017 to client view of cluster
2025-04-15T19:45:24.620-03:00  INFO 9572 --- [Loja-Hardware] [p5l.mongodb.net] org.mongodb.driver.cluster               : Adding discovered server ac-jnxlgc4-shard-00-02.dh8wp5l.mongodb.net:27017 to client view of cluster
2025-04-15T19:45:25.165-03:00  INFO 9572 --- [Loja-Hardware] [ngodb.net:27017] org.mongodb.driver.cluster               : Monitor thread successfully connected to server with description ServerDescription{address=ac-jnxlgc4-shard-00-01.dh8wp5l.mongodb.net:27017, type=REPLICA_SET_PRIMARY, cryptd=false, state=CONNECTED, ok=true, minWireVersion=0, maxWireVersion=25, maxDocumentSize=16777216, logicalSessionTimeoutMinutes=30, roundTripTimeNanos=272979800, minRoundTripTimeNanos=0, setName='atlas-d48u69-shard-0', canonicalAddress=ac-jnxlgc4-shard-00-01.dh8wp5l.mongodb.net:27017, hosts=[ac-jnxlgc4-shard-00-02.dh8wp5l.mongodb.net:27017, ac-jnxlgc4-shard-00-01.dh8wp5l.mongodb.net:27017, ac-jnxlgc4-shard-00-00.dh8wp5l.mongodb.net:27017], passives=[], arbiters=[], primary='ac-jnxlgc4-shard-00-01.dh8wp5l.mongodb.net:27017', tagSet=TagSet{[Tag{name='availabilityZone', value='sae1-az3'}, Tag{name='diskState', value='READY'}, Tag{name='nodeType', value='ELECTABLE'}, Tag{name='provider', value='AWS'}, Tag{name='region', value='SA_EAST_1'}, Tag{name='workloadType', value='OPERATIONAL'}]}, electionId=7fffffff00000000000000a3, setVersion=10, topologyVersion=TopologyVersion{processId=67f55e7dfe1089d96cf026bc, counter=6}, lastWriteDate=Tue Apr 15 19:45:25 BRT 2025, lastUpdateTimeNanos=12552994293600}
2025-04-15T19:45:25.165-03:00  INFO 9572 --- [Loja-Hardware] [ngodb.net:27017] org.mongodb.driver.cluster               : Monitor thread successfully connected to server with description ServerDescription{address=ac-jnxlgc4-shard-00-02.dh8wp5l.mongodb.net:27017, type=REPLICA_SET_SECONDARY, cryptd=false, state=CONNECTED, ok=true, minWireVersion=0, maxWireVersion=25, maxDocumentSize=16777216, logicalSessionTimeoutMinutes=30, roundTripTimeNanos=271893100, minRoundTripTimeNanos=0, setName='atlas-d48u69-shard-0', canonicalAddress=ac-jnxlgc4-shard-00-02.dh8wp5l.mongodb.net:27017, hosts=[ac-jnxlgc4-shard-00-02.dh8wp5l.mongodb.net:27017, ac-jnxlgc4-shard-00-01.dh8wp5l.mongodb.net:27017, ac-jnxlgc4-shard-00-00.dh8wp5l.mongodb.net:27017], passives=[], arbiters=[], primary='ac-jnxlgc4-shard-00-01.dh8wp5l.mongodb.net:27017', tagSet=TagSet{[Tag{name='availabilityZone', value='sae1-az2'}, Tag{name='diskState', value='READY'}, Tag{name='nodeType', value='ELECTABLE'}, Tag{name='provider', value='AWS'}, Tag{name='region', value='SA_EAST_1'}, Tag{name='workloadType', value='OPERATIONAL'}]}, electionId=null, setVersion=10, topologyVersion=TopologyVersion{processId=67f56210a7cd5e9beeba6630, counter=3}, lastWriteDate=Tue Apr 15 19:45:25 BRT 2025, lastUpdateTimeNanos=12552994293600}
2025-04-15T19:45:25.165-03:00  INFO 9572 --- [Loja-Hardware] [ngodb.net:27017] org.mongodb.driver.cluster               : Monitor thread successfully connected to server with description ServerDescription{address=ac-jnxlgc4-shard-00-00.dh8wp5l.mongodb.net:27017, type=REPLICA_SET_SECONDARY, cryptd=false, state=CONNECTED, ok=true, minWireVersion=0, maxWireVersion=25, maxDocumentSize=16777216, logicalSessionTimeoutMinutes=30, roundTripTimeNanos=273256500, minRoundTripTimeNanos=0, setName='atlas-d48u69-shard-0', canonicalAddress=ac-jnxlgc4-shard-00-00.dh8wp5l.mongodb.net:27017, hosts=[ac-jnxlgc4-shard-00-02.dh8wp5l.mongodb.net:27017, ac-jnxlgc4-shard-00-01.dh8wp5l.mongodb.net:27017, ac-jnxlgc4-shard-00-00.dh8wp5l.mongodb.net:27017], passives=[], arbiters=[], primary='ac-jnxlgc4-shard-00-01.dh8wp5l.mongodb.net:27017', tagSet=TagSet{[Tag{name='availabilityZone', value='sae1-az1'}, Tag{name='diskState', value='READY'}, Tag{name='nodeType', value='ELECTABLE'}, Tag{name='provider', value='AWS'}, Tag{name='region', value='SA_EAST_1'}, Tag{name='workloadType', value='OPERATIONAL'}]}, electionId=null, setVersion=10, topologyVersion=TopologyVersion{processId=67f55b34be8db09f0e48ad17, counter=4}, lastWriteDate=Tue Apr 15 19:45:25 BRT 2025, lastUpdateTimeNanos=12552994293500}
2025-04-15T19:45:25.171-03:00  INFO 9572 --- [Loja-Hardware] [ngodb.net:27017] org.mongodb.driver.cluster               : Discovered replica set primary ac-jnxlgc4-shard-00-01.dh8wp5l.mongodb.net:27017 with max election id 7fffffff00000000000000a3 and max set version 10
2025-04-15T19:45:25.433-03:00  INFO 9572 --- [Loja-Hardware] [           main] c.l.LojaHardwareApplicationTests         : Started LojaHardwareApplicationTests in 2.78 seconds (process running for 3.697)
]]></system-out>
  </testcase>
</testsuite>